#
# A fatal error has been detected by the Java Runtime Environment:
#
#  SIGSEGV (0xb) at pc=0xb6ddfa23, pid=4410, tid=1836948336
#
# JRE version: 6.0_23-b23
# Java VM: OpenJDK Server VM (20.0-b11 mixed mode linux-x86 )
# Derivative: IcedTea6 1.11pre
# Distribution: Ubuntu 11.10, package 6b23~pre11-0ubuntu1.11.10
# Problematic frame:
# V  [libjvm.so+0x4a7a23]  PhaseIdealLoop::build_loop_late_post(Node*)+0x143
#
# If you would like to submit a bug report, please include
# instructions how to reproduce the bug and visit:
#   https://bugs.launchpad.net/ubuntu/+source/openjdk-6/
#

---------------  T H R E A D  ---------------

Current thread (0x6dbd2800):  JavaThread "C2 CompilerThread0" daemon [_thread_in_native, id=4427, stack(0x6d759000,0x6d7da000)]

siginfo:si_signo=SIGSEGV: si_errno=0, si_code=1 (SEGV_MAPERR), si_addr=0x00000004

Registers:
EAX=0x00000000, EBX=0xb719aff4, ECX=0x6c231500, EDX=0x6c6b0de0
ESP=0x6d7d7bb0, EBP=0x6b94c780, ESI=0x6d7d844c, EDI=0x6c6b0de0
EIP=0xb6ddfa23, EFLAGS=0x00010202, CR2=0x00000004

Top of Stack: (sp=0x6d7d7bb0)
0x6d7d7bb0:   6d7d844c 6c94d444 6be14594 6bc1cc90
0x6d7d7bc0:   6bc10058 00000000 00000200 b719aff4
0x6d7d7bd0:   b76f16c6 b76f175d b719aff4 00002000
0x6d7d7be0:   6c2315ac 00000000 6be14594 6d7d845c
0x6d7d7bf0:   b76f16c6 6d7d870c b719aff4 b719aff4
0x6d7d7c00:   6c94d444 00000190 6c235f34 b6ddffb0
0x6d7d7c10:   6d7d844c 6c94d444 00000040 b719aff4
0x6d7d7c20:   6d7d844c 00000002 00000002 6d7d86fc 

Instructions: (pc=0xb6ddfa23)
0xb6ddfa03:   29 04 00 00 39 f8 0f 84 b5 03 00 00 8b 50 1c 89
0xb6ddfa13:   44 24 30 66 90 8b be d0 02 00 00 8d 14 97 8b 02
0xb6ddfa23:   8b 48 04 8b 29 85 ed 75 1f 8b 7e 14 90 8b 48 1c
0xb6ddfa33:   31 c0 39 f9 73 09 8b 46 18 8b 04 88 83 e0 fe 8b 

Register to memory mapping:

EAX=0x00000000 is an unknown value
EBX=0xb719aff4: <offset 0x862ff4> in /usr/lib/jvm/java-6-openjdk/jre/lib/i386/server/libjvm.so at 0xb6938000
ECX=0x6c231500 is an unknown value
EDX=0x6c6b0de0 is an unknown value
ESP=0x6d7d7bb0 is pointing into the stack for thread: 0x6dbd2800
EBP=0x6b94c780 is an unknown value
ESI=0x6d7d844c is pointing into the stack for thread: 0x6dbd2800
EDI=0x6c6b0de0 is an unknown value


Stack: [0x6d759000,0x6d7da000],  sp=0x6d7d7bb0,  free space=506k
Native frames: (J=compiled Java code, j=interpreted, Vv=VM code, C=native code)
V  [libjvm.so+0x4a7a23]  PhaseIdealLoop::build_loop_late_post(Node*)+0x143


Current CompileTask:
C2: 973309 538      jregex.Pretokenizer.next()V (1064 bytes)


---------------  P R O C E S S  ---------------

Java Threads: ( => current thread )
  0x085fa400 JavaThread "net.sf.ehcache.CacheManager@1624a1c" daemon [_thread_blocked, id=4830, stack(0x6cd0d000,0x6cd5e000)]
  0x6d073000 JavaThread "New I/O server worker #1-7" [_thread_in_native, id=4829, stack(0x6cfaf000,0x6d000000)]
  0x6d274800 JavaThread "com.mchange.v2.async.ThreadPoolAsynchronousRunner$PoolThread-#2" daemon [_thread_blocked, id=4445, stack(0x6cbc9000,0x6cc1a000)]
  0x6d117800 JavaThread "com.mchange.v2.async.ThreadPoolAsynchronousRunner$PoolThread-#1" daemon [_thread_blocked, id=4444, stack(0x6cc1a000,0x6cc6b000)]
  0x6ce34400 JavaThread "com.mchange.v2.async.ThreadPoolAsynchronousRunner$PoolThread-#0" daemon [_thread_blocked, id=4443, stack(0x6cc6b000,0x6ccbc000)]
  0x6d12a400 JavaThread "Timer-0" daemon [_thread_blocked, id=4442, stack(0x6ccbc000,0x6cd0d000)]
  0x6d2ee000 JavaThread "play-thread-1" [_thread_in_vm, id=4440, stack(0x6cd5e000,0x6cdaf000)]
  0x08674c00 JavaThread "JDWP Command Reader" daemon [_thread_in_native, id=4434, stack(0x6cdaf000,0x6ce00000)]
  0x6d05b400 JavaThread "DestroyJavaVM" [_thread_blocked, id=4415, stack(0xb67b4000,0xb6805000)]
  0x6d2cfc00 JavaThread "New I/O server boss #1 ([id: 0x005a2eaa, /0:0:0:0:0:0:0:0:9000])" [_thread_in_native, id=4431, stack(0x6cf4c000,0x6cf9d000)]
  0x6dbd6c00 JavaThread "Low Memory Detector" daemon [_thread_blocked, id=4429, stack(0x6d687000,0x6d6d8000)]
  0x6dbd4c00 JavaThread "C2 CompilerThread1" daemon [_thread_in_native, id=4428, stack(0x6d6d8000,0x6d759000)]
=>0x6dbd2800 JavaThread "C2 CompilerThread0" daemon [_thread_in_native, id=4427, stack(0x6d759000,0x6d7da000)]
  0x6dbd1000 JavaThread "JDWP Event Helper Thread" daemon [_thread_blocked, id=4426, stack(0x6d7da000,0x6d82b000)]
  0x6dbce400 JavaThread "JDWP Transport Listener: dt_socket" daemon [_thread_blocked, id=4425, stack(0x6d82b000,0x6d87c000)]
  0x6dbaf800 JavaThread "Signal Dispatcher" daemon [_thread_blocked, id=4423, stack(0x6d87c000,0x6d8cd000)]
  0x6dba0400 JavaThread "Finalizer" daemon [_thread_blocked, id=4422, stack(0x6d8cd000,0x6d91e000)]
  0x6db9f000 JavaThread "Reference Handler" daemon [_thread_blocked, id=4421, stack(0x6d91e000,0x6d96f000)]

Other Threads:
  0x6db9b000 VMThread [stack: 0x6dc49000,0x6dcca000] [id=4420]
  0x6dbe1400 WatcherThread [stack: 0x6d606000,0x6d687000] [id=4430]

VM state:not at safepoint (normal execution)

VM Mutex/Monitor currently owned by a thread: None

Heap
 PSYoungGen      total 29056K, used 2503K [0x9ed60000, 0xa0fe0000, 0xb32b0000)
  eden space 24320K, 5% used [0x9ed60000,0x9eebfbe0,0xa0520000)
  from space 4736K, 23% used [0xa0b40000,0xa0c52020,0xa0fe0000)
  to   space 5504K, 0% used [0xa0520000,0xa0520000,0xa0a80000)
 PSOldGen        total 41600K, used 8706K [0x762b0000, 0x78b50000, 0x9ed60000)
  object space 41600K, 20% used [0x762b0000,0x76b30b48,0x78b50000)
 PSPermGen       total 31104K, used 31041K [0x6e2b0000, 0x70110000, 0x762b0000)
  object space 31104K, 99% used [0x6e2b0000,0x70100520,0x70110000)

Code Cache  [0xb3374000, 0xb367c000, 0xb6374000)
 total_blobs=897 nmethods=511 adapters=348 free_code_cache=47209024 largest_free_block=25024

Dynamic libraries:
08048000-08051000 r-xp 00000000 08:05 659395     /usr/lib/jvm/java-6-openjdk/jre/bin/java
08051000-08052000 r--p 00008000 08:05 659395     /usr/lib/jvm/java-6-openjdk/jre/bin/java
08052000-08053000 rw-p 00009000 08:05 659395     /usr/lib/jvm/java-6-openjdk/jre/bin/java
083dc000-0923e000 rw-p 00000000 00:00 0          [heap]
6a800000-6a8f3000 rw-p 00000000 00:00 0 
6a8f3000-6a900000 ---p 00000000 00:00 0 
6aa00000-6ab00000 rw-p 00000000 00:00 0 
6af00000-6b100000 rw-p 00000000 00:00 0 
6b100000-6b1ff000 rw-p 00000000 00:00 0 
6b1ff000-6b200000 ---p 00000000 00:00 0 
6b200000-6b2ef000 rw-p 00000000 00:00 0 
6b2ef000-6b300000 ---p 00000000 00:00 0 
6b300000-6b4fc000 rw-p 00000000 00:00 0 
6b4fc000-6b500000 ---p 00000000 00:00 0 
6b500000-6b5fd000 rw-p 00000000 00:00 0 
6b5fd000-6b600000 ---p 00000000 00:00 0 
6b600000-6b6ea000 rw-p 00000000 00:00 0 
6b6ea000-6b700000 ---p 00000000 00:00 0 
6b700000-6b7ec000 rw-p 00000000 00:00 0 
6b7ec000-6b800000 ---p 00000000 00:00 0 
6b800000-6b8fe000 rw-p 00000000 00:00 0 
6b8fe000-6b900000 ---p 00000000 00:00 0 
6b900000-6b9e5000 rw-p 00000000 00:00 0 
6b9e5000-6ba00000 ---p 00000000 00:00 0 
6ba00000-6bae1000 rw-p 00000000 00:00 0 
6bae1000-6bb00000 ---p 00000000 00:00 0 
6bb00000-6bcf0000 rw-p 00000000 00:00 0 
6bcf0000-6bd00000 ---p 00000000 00:00 0 
6bd00000-6bdf0000 rw-p 00000000 00:00 0 
6bdf0000-6be00000 ---p 00000000 00:00 0 
6be00000-6bf00000 rw-p 00000000 00:00 0 
6bf00000-6c000000 rw-p 00000000 00:00 0 
6c000000-6c100000 rw-p 00000000 00:00 0 
6c200000-6c2fe000 rw-p 00000000 00:00 0 
6c2fe000-6c300000 ---p 00000000 00:00 0 
6c400000-6c4fe000 rw-p 00000000 00:00 0 
6c4fe000-6c500000 ---p 00000000 00:00 0 
6c500000-6c600000 rw-p 00000000 00:00 0 
6c600000-6c6de000 rw-p 00000000 00:00 0 
6c6de000-6c700000 ---p 00000000 00:00 0 
6c700000-6c7c7000 rw-p 00000000 00:00 0 
6c7c7000-6c800000 ---p 00000000 00:00 0 
6c800000-6c8ff000 rw-p 00000000 00:00 0 
6c8ff000-6c900000 ---p 00000000 00:00 0 
6c900000-6c9ff000 rw-p 00000000 00:00 0 
6c9ff000-6ca00000 ---p 00000000 00:00 0 
6ca00000-6caf8000 rw-p 00000000 00:00 0 
6caf8000-6cb00000 ---p 00000000 00:00 0 
6cb78000-6cb7b000 ---p 00000000 00:00 0 
6cb7b000-6cbc9000 rw-p 00000000 00:00 0 
6cbc9000-6cbcc000 ---p 00000000 00:00 0 
6cbcc000-6cc1a000 rw-p 00000000 00:00 0 
6cc1a000-6cc1d000 ---p 00000000 00:00 0 
6cc1d000-6cc6b000 rw-p 00000000 00:00 0 
6cc6b000-6cc6e000 ---p 00000000 00:00 0 
6cc6e000-6ccbc000 rw-p 00000000 00:00 0 
6ccbc000-6ccbf000 ---p 00000000 00:00 0 
6ccbf000-6cd0d000 rw-p 00000000 00:00 0 
6cd0d000-6cd10000 ---p 00000000 00:00 0 
6cd10000-6cd5e000 rw-p 00000000 00:00 0 
6cd5e000-6cd61000 ---p 00000000 00:00 0 
6cd61000-6cdaf000 rw-p 00000000 00:00 0 
6cdaf000-6cdb2000 ---p 00000000 00:00 0 
6cdb2000-6ce00000 rw-p 00000000 00:00 0 
6ce00000-6cf00000 rw-p 00000000 00:00 0 
6cf4c000-6cf4f000 ---p 00000000 00:00 0 
6cf4f000-6cf9d000 rw-p 00000000 00:00 0 
6cfaf000-6cfb2000 ---p 00000000 00:00 0 
6cfb2000-6d000000 rw-p 00000000 00:00 0 
6d000000-6d0fa000 rw-p 00000000 00:00 0 
6d0fa000-6d100000 ---p 00000000 00:00 0 
6d100000-6d200000 rw-p 00000000 00:00 0 
6d200000-6d2fe000 rw-p 00000000 00:00 0 
6d2fe000-6d300000 ---p 00000000 00:00 0 
6d319000-6d31c000 r--s 00031000 08:05 663777     /usr/lib/jvm/java-6-openjdk/jre/lib/ext/sunjce_provider.jar
6d31c000-6d323000 r-xp 00000000 08:05 663824     /usr/lib/jvm/java-6-openjdk/jre/lib/i386/libmanagement.so
6d323000-6d324000 r--p 00006000 08:05 663824     /usr/lib/jvm/java-6-openjdk/jre/lib/i386/libmanagement.so
6d324000-6d325000 rw-p 00007000 08:05 663824     /usr/lib/jvm/java-6-openjdk/jre/lib/i386/libmanagement.so
6d325000-6d32d000 r-xp 00000000 08:05 663793     /usr/lib/jvm/java-6-openjdk/jre/lib/i386/libnio.so
6d32d000-6d32e000 r--p 00007000 08:05 663793     /usr/lib/jvm/java-6-openjdk/jre/lib/i386/libnio.so
6d32e000-6d32f000 rw-p 00008000 08:05 663793     /usr/lib/jvm/java-6-openjdk/jre/lib/i386/libnio.so
6d32f000-6d344000 r-xp 00000000 08:05 663829     /usr/lib/jvm/java-6-openjdk/jre/lib/i386/libnet.so
6d344000-6d345000 r--p 00014000 08:05 663829     /usr/lib/jvm/java-6-openjdk/jre/lib/i386/libnet.so
6d345000-6d346000 rw-p 00015000 08:05 663829     /usr/lib/jvm/java-6-openjdk/jre/lib/i386/libnet.so
6d346000-6d34d000 r--s 0006a000 00:14 4989973    /home/himurafred/application_mobile/play/framework/lib/mail-1.4.3.jar
6d34d000-6d34f000 r--s 00005000 00:14 4989981    /home/himurafred/application_mobile/play/framework/lib/slf4j-api-1.6.1.jar
6d34f000-6d355000 r--s 00067000 00:14 4989927    /home/himurafred/application_mobile/play/framework/lib/antlr-2.7.6.jar
6d355000-6d357000 r--s 0000d000 00:14 4989941    /home/himurafred/application_mobile/play/framework/lib/commons-logging-1.1.1.jar
6d357000-6d359000 r--s 00015000 00:14 4989967    /home/himurafred/application_mobile/play/framework/lib/jregex-1.2_01.jar
6d359000-6d364000 r--s 0008b000 00:14 4989931    /home/himurafred/application_mobile/play/framework/lib/c3p0-0.9.1.2.jar
6d364000-6d36e000 r--s 0006f000 00:14 4989943    /home/himurafred/application_mobile/play/framework/lib/ehcache-core-2.0.0.jar
6d36e000-6d370000 r--s 00002000 00:14 4989969    /home/himurafred/application_mobile/play/framework/lib/jta-1.1.jar
6d370000-6d376000 r--s 00034000 00:14 4989970    /home/himurafred/application_mobile/play/framework/lib/junit-4.8.1.jar
6d376000-6d37a000 r--s 00027000 00:14 4989947    /home/himurafred/application_mobile/play/framework/lib/gson-1.7.1.jar
6d37a000-6d380000 r--s 0007e000 00:14 4989979    /home/himurafred/application_mobile/play/framework/lib/postgresql-9.0.jar
6d380000-6d385000 r--s 00020000 00:14 4989962    /home/himurafred/application_mobile/play/framework/lib/jj-imaging.jar
6d385000-6d38a000 r--s 00041000 00:14 4989940    /home/himurafred/application_mobile/play/framework/lib/commons-lang-2.6.jar
6d38a000-6d38b000 r--s 00000000 00:14 4989960    /home/himurafred/application_mobile/play/framework/lib/javax.inject-1.0.jar
6d38b000-6d391000 r--s 00049000 00:14 4989932    /home/himurafred/application_mobile/play/framework/lib/cglib-nodep-2.2.jar
6d391000-6d3bb000 r--s 00427000 00:14 4989977    /home/himurafred/application_mobile/play/framework/lib/org.eclipse.jdt.core-3.8.0.v_C03.jar
6d3bb000-6d3bd000 r--s 00015000 00:14 4989963    /home/himurafred/application_mobile/play/framework/lib/jj-simplecaptcha.jar
6d3bd000-6d3c4000 r--s 000b7000 00:14 4989975    /home/himurafred/application_mobile/play/framework/lib/mysql-connector-java-5.1.13.jar
6d3c4000-6d3ca000 r--s 00040000 00:14 4989974    /home/himurafred/application_mobile/play/framework/lib/memcached-2.6.jar
6d3ca000-6d3cb000 r--s 00007000 00:14 4989936    /home/himurafred/application_mobile/play/framework/lib/commons-email-1.2.jar
6d3cb000-6d3d9000 r--s 0007f000 00:14 4989935    /home/himurafred/application_mobile/play/framework/lib/commons-collections-3.2.1.jar
6d3d9000-6d3e4000 r--s 00124000 00:14 4989948    /home/himurafred/application_mobile/play/framework/lib/h2-1.3.149.jar
6d3e4000-6d3ea000 r--s 00038000 00:14 4989983    /home/himurafred/application_mobile/play/framework/lib/snakeyaml-1.7.jar
6d3ea000-6d3ef000 r--s 0002e000 00:14 4989928    /home/himurafred/application_mobile/play/framework/lib/asm-all-3.3.1.jar
6d3ef000-6d3f2000 r--s 00011000 00:14 4989944    /home/himurafred/application_mobile/play/framework/lib/ezmorph-1.0.3.jar
6d3f2000-6d3f7000 r--s 00034000 00:14 4989933    /home/himurafred/application_mobile/play/framework/lib/commons-beanutils-1.8.3.jar
6d3f7000-6d406000 r--s 000d9000 00:14 4989957    /home/himurafred/application_mobile/play/framework/lib/ivy-2.2.0.jar
6d406000-6d416000 r--s 000b2000 00:14 4989976    /home/himurafred/application_mobile/play/framework/lib/netty-3.2.5.Final.jar
6d416000-6d418000 r--s 0000d000 00:14 4989934    /home/himurafred/application_mobile/play/framework/lib/commons-codec-1.4.jar
6d418000-6d41f000 r--s 00038000 00:14 4989965    /home/himurafred/application_mobile/play/framework/lib/jj-wikitext.jar
6d41f000-6d427000 r--s 0008a000 00:14 4989959    /home/himurafred/application_mobile/play/framework/lib/javassist-3.9.0.GA.jar
6d427000-6d42c000 r--s 00048000 00:14 4989942    /home/himurafred/application_mobile/play/framework/lib/dom4j-1.6.1.jar
6d42c000-6d433000 r--s 0004d000 00:14 4989929    /home/himurafred/application_mobile/play/framework/lib/async-http-client-1.6.5.jar
6d433000-6d43c000 r--s 0005d000 00:14 4989954    /home/himurafred/application_mobile/play/framework/lib/hibernate-entitymanager-3.6.0.Final.jar
6d43c000-6d461000 r--s 00172000 00:14 4989930    /home/himurafred/application_mobile/play/framework/lib/bcprov-jdk15-1.45.jar
6d461000-6d46a000 r--s 0006d000 00:14 4989972    /home/himurafred/application_mobile/play/framework/lib/log4j-1.2.16.jar
6d46a000-6d46f000 r--s 00014000 00:14 4989956    /home/himurafred/application_mobile/play/framework/lib/hibernate-jpa-2.0-api-1.0.0.Final.jar
6d46f000-6d47a000 r--s 0005a000 00:14 4989984    /home/himurafred/application_mobile/play/framework/lib/xstream-1.3.jar
6d47a000-6d4ac000 r--s 002c7000 00:14 4989952    /home/himurafred/application_mobile/play/framework/lib/hibernate-core-3.6.1.Final.jar
6d4ac000-6d500000 r--s 00520000 00:14 4989946    /home/himurafred/application_mobile/play/framework/lib/groovy-all-1.7.10.jar
6d500000-6d5e9000 rw-p 00000000 00:00 0 
6d5e9000-6d600000 ---p 00000000 00:00 0 
6d600000-6d602000 r--s 00013000 08:05 658686     /usr/lib/jvm/java-6-openjdk/jre/lib/jce.jar
6d602000-6d604000 r--s 00008000 00:14 4989980    /home/himurafred/application_mobile/play/framework/lib/signpost-core-1.2.jar
6d604000-6d606000 r--s 0000c000 00:14 4989926    /home/himurafred/application_mobile/play/framework/lib/activation-1.1.1.jar
6d606000-6d607000 ---p 00000000 00:00 0 
6d607000-6d687000 rw-p 00000000 00:00 0 
6d687000-6d68a000 ---p 00000000 00:00 0 
6d68a000-6d6d8000 rw-p 00000000 00:00 0 
6d6d8000-6d6db000 ---p 00000000 00:00 0 
6d6db000-6d759000 rw-p 00000000 00:00 0 
6d759000-6d75c000 ---p 00000000 00:00 0 
6d75c000-6d7da000 rw-p 00000000 00:00 0 
6d7da000-6d7dd000 ---p 00000000 00:00 0 
6d7dd000-6d82b000 rw-p 00000000 00:00 0 
6d82b000-6d82e000 ---p 00000000 00:00 0 
6d82e000-6d87c000 rw-p 00000000 00:00 0 
6d87c000-6d87f000 ---p 00000000 00:00 0 
6d87f000-6d8cd000 rw-p 00000000 00:00 0 
6d8cd000-6d8d0000 ---p 00000000 00:00 0 
6d8d0000-6d91e000 rw-p 00000000 00:00 0 
6d91e000-6d921000 ---p 00000000 00:00 0 
6d921000-6d96f000 rw-p 00000000 00:00 0 
6d96f000-6db00000 r--s 037b8000 08:05 663832     /usr/lib/jvm/java-6-openjdk/jre/lib/rt.jar
6db00000-6dbff000 rw-p 00000000 00:00 0 
6dbff000-6dc00000 ---p 00000000 00:00 0 
6dc01000-6dc04000 r--s 0000f000 00:14 4989950    /home/himurafred/application_mobile/play/framework/lib/hibernate-commons-annotations-3.2.0.Final.jar
6dc04000-6dc06000 r--s 00001000 00:14 4989968    /home/himurafred/application_mobile/play/framework/lib/jsr107cache-1.0.jar
6dc06000-6dc0c000 r--s 00032000 00:14 4989961    /home/himurafred/application_mobile/play/framework/lib/jaxen-1.1.jar
6dc0c000-6dc1b000 r--s 0007c000 00:14 4989966    /home/himurafred/application_mobile/play/framework/lib/joda-time-2.0.jar
6dc1b000-6dc1d000 r--s 0000e000 00:14 4989939    /home/himurafred/application_mobile/play/framework/lib/commons-javaflow-1066591.jar
6dc1d000-6dc24000 r--s 00049000 00:14 4989978    /home/himurafred/application_mobile/play/framework/lib/oval-1.50.jar
6dc24000-6dc26000 r--s 0000d000 00:14 4989937    /home/himurafred/application_mobile/play/framework/lib/commons-fileupload-1.2.2.jar
6dc26000-6dc29000 r--s 00024000 00:14 4989938    /home/himurafred/application_mobile/play/framework/lib/commons-io-2.0.1.jar
6dc29000-6dc2c000 r--s 00022000 00:14 4989958    /home/himurafred/application_mobile/play/framework/lib/jamon-2.7.jar
6dc2c000-6dc2d000 r--s 00002000 00:14 4989982    /home/himurafred/application_mobile/play/framework/lib/slf4j-log4j12-1.6.1.jar
6dc2d000-6dc2f000 r--s 0000b000 00:14 4989964    /home/himurafred/application_mobile/play/framework/lib/jj-textile.jar
6dc2f000-6dc33000 r-xp 00000000 08:05 663826     /usr/lib/jvm/java-6-openjdk/jre/lib/i386/libdt_socket.so
6dc33000-6dc34000 r--p 00003000 08:05 663826     /usr/lib/jvm/java-6-openjdk/jre/lib/i386/libdt_socket.so
6dc34000-6dc35000 rw-p 00004000 08:05 663826     /usr/lib/jvm/java-6-openjdk/jre/lib/i386/libdt_socket.so
6dc35000-6dc41000 r--s 000c2000 00:14 4989341    /home/himurafred/application_mobile/play/framework/play-1.2.4.jar
6dc41000-6dc49000 r--s 00066000 08:05 1183775    /usr/share/java/gnome-java-bridge.jar
6dc49000-6dc4a000 ---p 00000000 00:00 0 
6dc4a000-6dcfd000 rw-p 00000000 00:00 0 
6dcfd000-6dcfe000 ---p 00000000 00:00 0 
6dcfe000-6dd7e000 rw-p 00000000 00:00 0 
6dd7e000-6dd7f000 ---p 00000000 00:00 0 
6dd7f000-6ddff000 rw-p 00000000 00:00 0 
6ddff000-6de00000 ---p 00000000 00:00 0 
6de00000-6de80000 rw-p 00000000 00:00 0 
6de80000-6de81000 ---p 00000000 00:00 0 
6de81000-6df11000 rw-p 00000000 00:00 0 
6df11000-6df41000 rw-p 00000000 00:00 0 
6df41000-6df56000 rw-p 00000000 00:00 0 
6df56000-6e087000 rw-p 00000000 00:00 0 
6e087000-6e097000 rw-p 00000000 00:00 0 
6e097000-6e0c7000 rw-p 00000000 00:00 0 
6e0c7000-6e0dc000 rw-p 00000000 00:00 0 
6e0dc000-6e20c000 rw-p 00000000 00:00 0 
6e20c000-6e21e000 rw-p 00000000 00:00 0 
6e21e000-6e220000 ---p 00000000 00:00 0 
6e220000-6e2af000 rw-p 00000000 00:00 0 
6e2af000-70110000 rw-p 00000000 00:00 0 
70110000-762b0000 rw-p 00000000 00:00 0 
762b0000-78b50000 rw-p 00000000 00:00 0 
78b50000-9ed60000 rw-p 00000000 00:00 0 
9ed60000-a0fe0000 rw-p 00000000 00:00 0 
a0fe0000-a13c0000 ---p 00000000 00:00 0 
a13c0000-b32b0000 rw-p 00000000 00:00 0 
b32b0000-b32b3000 r--s 0000f000 00:14 4989945    /home/himurafred/application_mobile/play/framework/lib/geronimo-servlet_2.5_spec-1.2.jar
b32b3000-b32c1000 rw-p 00000000 00:00 0 
b32c1000-b3374000 rw-p 00000000 00:00 0 
b3374000-b367c000 rwxp 00000000 00:00 0 
b367c000-b6374000 rw-p 00000000 00:00 0 
b6374000-b637f000 r-xp 00000000 08:05 921638     /lib/i386-linux-gnu/libnss_files-2.13.so
b637f000-b6380000 r--p 0000a000 08:05 921638     /lib/i386-linux-gnu/libnss_files-2.13.so
b6380000-b6381000 rw-p 0000b000 08:05 921638     /lib/i386-linux-gnu/libnss_files-2.13.so
b6381000-b638b000 r-xp 00000000 08:05 921646     /lib/i386-linux-gnu/libnss_nis-2.13.so
b638b000-b638c000 r--p 00009000 08:05 921646     /lib/i386-linux-gnu/libnss_nis-2.13.so
b638c000-b638d000 rw-p 0000a000 08:05 921646     /lib/i386-linux-gnu/libnss_nis-2.13.so
b638d000-b63a2000 r-xp 00000000 08:05 921632     /lib/i386-linux-gnu/libnsl-2.13.so
b63a2000-b63a3000 r--p 00015000 08:05 921632     /lib/i386-linux-gnu/libnsl-2.13.so
b63a3000-b63a4000 rw-p 00016000 08:05 921632     /lib/i386-linux-gnu/libnsl-2.13.so
b63a4000-b63a6000 rw-p 00000000 00:00 0 
b63a6000-b63ae000 r-xp 00000000 08:05 921634     /lib/i386-linux-gnu/libnss_compat-2.13.so
b63ae000-b63af000 r--p 00007000 08:05 921634     /lib/i386-linux-gnu/libnss_compat-2.13.so
b63af000-b63b0000 rw-p 00008000 08:05 921634     /lib/i386-linux-gnu/libnss_compat-2.13.so
b63b0000-b63b3000 r--s 0007d000 08:05 658627     /usr/lib/jvm/java-6-openjdk/jre/lib/jsse.jar
b63b3000-b63b5000 r--s 0000f000 08:05 663784     /usr/lib/jvm/java-6-openjdk/jre/lib/ext/pulse-java.jar
b63b5000-b63bc000 r-xp 00000000 08:05 663794     /usr/lib/jvm/java-6-openjdk/jre/lib/i386/libzip.so
b63bc000-b63bd000 r--p 00006000 08:05 663794     /usr/lib/jvm/java-6-openjdk/jre/lib/i386/libzip.so
b63bd000-b63be000 rw-p 00007000 08:05 663794     /usr/lib/jvm/java-6-openjdk/jre/lib/i386/libzip.so
b63be000-b63c6000 rw-s 00000000 08:05 1050159    /tmp/hsperfdata_himurafred/4410
b63c6000-b6536000 r--p 002a9000 08:05 656226     /usr/lib/locale/locale-archive
b6536000-b6736000 r--p 00000000 08:05 656226     /usr/lib/locale/locale-archive
b6736000-b6740000 r-xp 00000000 08:05 663825     /usr/lib/jvm/java-6-openjdk/jre/lib/i386/libinstrument.so
b6740000-b6741000 r--p 00009000 08:05 663825     /usr/lib/jvm/java-6-openjdk/jre/lib/i386/libinstrument.so
b6741000-b6742000 rw-p 0000a000 08:05 663825     /usr/lib/jvm/java-6-openjdk/jre/lib/i386/libinstrument.so
b6742000-b6780000 r-xp 00000000 08:05 663827     /usr/lib/jvm/java-6-openjdk/jre/lib/i386/libjdwp.so
b6780000-b6781000 r--p 0003d000 08:05 663827     /usr/lib/jvm/java-6-openjdk/jre/lib/i386/libjdwp.so
b6781000-b6782000 rw-p 0003e000 08:05 663827     /usr/lib/jvm/java-6-openjdk/jre/lib/i386/libjdwp.so
b6782000-b67a8000 r-xp 00000000 08:05 661007     /usr/lib/jvm/java-6-openjdk/jre/lib/i386/libjava.so
b67a8000-b67a9000 r--p 00025000 08:05 661007     /usr/lib/jvm/java-6-openjdk/jre/lib/i386/libjava.so
b67a9000-b67ab000 rw-p 00026000 08:05 661007     /usr/lib/jvm/java-6-openjdk/jre/lib/i386/libjava.so
b67ab000-b67b2000 r-xp 00000000 08:05 921651     /lib/i386-linux-gnu/librt-2.13.so
b67b2000-b67b3000 r--p 00006000 08:05 921651     /lib/i386-linux-gnu/librt-2.13.so
b67b3000-b67b4000 rw-p 00007000 08:05 921651     /lib/i386-linux-gnu/librt-2.13.so
b67b4000-b67b7000 ---p 00000000 00:00 0 
b67b7000-b6805000 rw-p 00000000 00:00 0 
b6805000-b6821000 r-xp 00000000 08:05 918294     /lib/i386-linux-gnu/libgcc_s.so.1
b6821000-b6822000 r--p 0001b000 08:05 918294     /lib/i386-linux-gnu/libgcc_s.so.1
b6822000-b6823000 rw-p 0001c000 08:05 918294     /lib/i386-linux-gnu/libgcc_s.so.1
b6823000-b684b000 r-xp 00000000 08:05 921624     /lib/i386-linux-gnu/libm-2.13.so
b684b000-b684c000 r--p 00028000 08:05 921624     /lib/i386-linux-gnu/libm-2.13.so
b684c000-b684d000 rw-p 00029000 08:05 921624     /lib/i386-linux-gnu/libm-2.13.so
b684d000-b692b000 r-xp 00000000 08:05 655806     /usr/lib/i386-linux-gnu/libstdc++.so.6.0.16
b692b000-b692c000 ---p 000de000 08:05 655806     /usr/lib/i386-linux-gnu/libstdc++.so.6.0.16
b692c000-b6930000 r--p 000de000 08:05 655806     /usr/lib/i386-linux-gnu/libstdc++.so.6.0.16
b6930000-b6931000 rw-p 000e2000 08:05 655806     /usr/lib/i386-linux-gnu/libstdc++.so.6.0.16
b6931000-b6938000 rw-p 00000000 00:00 0 
b6938000-b7156000 r-xp 00000000 08:05 663813     /usr/lib/jvm/java-6-openjdk/jre/lib/i386/server/libjvm.so
b7156000-b719b000 r--p 0081e000 08:05 663813     /usr/lib/jvm/java-6-openjdk/jre/lib/i386/server/libjvm.so
b719b000-b71aa000 rw-p 00863000 08:05 663813     /usr/lib/jvm/java-6-openjdk/jre/lib/i386/server/libjvm.so
b71aa000-b75c6000 rw-p 00000000 00:00 0 
b75c6000-b75d9000 r-xp 00000000 08:05 921548     /lib/i386-linux-gnu/libz.so.1.2.3.4
b75d9000-b75da000 r--p 00012000 08:05 921548     /lib/i386-linux-gnu/libz.so.1.2.3.4
b75da000-b75db000 rw-p 00013000 08:05 921548     /lib/i386-linux-gnu/libz.so.1.2.3.4
b75db000-b7751000 r-xp 00000000 08:05 921616     /lib/i386-linux-gnu/libc-2.13.so
b7751000-b7753000 r--p 00176000 08:05 921616     /lib/i386-linux-gnu/libc-2.13.so
b7753000-b7754000 rw-p 00178000 08:05 921616     /lib/i386-linux-gnu/libc-2.13.so
b7754000-b7757000 rw-p 00000000 00:00 0 
b7757000-b775a000 r-xp 00000000 08:05 921623     /lib/i386-linux-gnu/libdl-2.13.so
b775a000-b775b000 r--p 00002000 08:05 921623     /lib/i386-linux-gnu/libdl-2.13.so
b775b000-b775c000 rw-p 00003000 08:05 921623     /lib/i386-linux-gnu/libdl-2.13.so
b775c000-b7760000 r-xp 00000000 08:05 663797     /usr/lib/jvm/java-6-openjdk/jre/lib/i386/jli/libjli.so
b7760000-b7761000 r--p 00003000 08:05 663797     /usr/lib/jvm/java-6-openjdk/jre/lib/i386/jli/libjli.so
b7761000-b7762000 rw-p 00004000 08:05 663797     /usr/lib/jvm/java-6-openjdk/jre/lib/i386/jli/libjli.so
b7762000-b7763000 rw-p 00000000 00:00 0 
b7763000-b777a000 r-xp 00000000 08:05 921649     /lib/i386-linux-gnu/libpthread-2.13.so
b777a000-b777b000 r--p 00016000 08:05 921649     /lib/i386-linux-gnu/libpthread-2.13.so
b777b000-b777c000 rw-p 00017000 08:05 921649     /lib/i386-linux-gnu/libpthread-2.13.so
b777c000-b777e000 rw-p 00000000 00:00 0 
b777e000-b777f000 r--p 002a7000 08:05 656226     /usr/lib/locale/locale-archive
b777f000-b7782000 r-xp 00000000 08:05 661006     /usr/lib/jvm/java-6-openjdk/jre/lib/i386/libnpt.so
b7782000-b7783000 r--p 00002000 08:05 661006     /usr/lib/jvm/java-6-openjdk/jre/lib/i386/libnpt.so
b7783000-b7784000 rw-p 00003000 08:05 661006     /usr/lib/jvm/java-6-openjdk/jre/lib/i386/libnpt.so
b7784000-b7785000 rw-p 00000000 00:00 0 
b7785000-b7786000 r--p 00000000 00:00 0 
b7786000-b7791000 r-xp 00000000 08:05 663821     /usr/lib/jvm/java-6-openjdk/jre/lib/i386/libverify.so
b7791000-b7792000 ---p 0000b000 08:05 663821     /usr/lib/jvm/java-6-openjdk/jre/lib/i386/libverify.so
b7792000-b7793000 r--p 0000b000 08:05 663821     /usr/lib/jvm/java-6-openjdk/jre/lib/i386/libverify.so
b7793000-b7794000 rw-p 0000c000 08:05 663821     /usr/lib/jvm/java-6-openjdk/jre/lib/i386/libverify.so
b7794000-b7796000 rw-p 00000000 00:00 0 
b7796000-b7797000 r-xp 00000000 00:00 0          [vdso]
b7797000-b77b5000 r-xp 00000000 08:05 918373     /lib/i386-linux-gnu/ld-2.13.so
b77b5000-b77b6000 r--p 0001d000 08:05 918373     /lib/i386-linux-gnu/ld-2.13.so
b77b6000-b77b7000 rw-p 0001e000 08:05 918373     /lib/i386-linux-gnu/ld-2.13.so
bf8a3000-bf8c5000 rw-p 00000000 00:00 0          [stack]

VM Arguments:
jvm_args: -Xdebug -Xrunjdwp:transport=dt_socket,address=8000,server=y,suspend=n -Dplay.debug=yes -Dplay.id= -Dapplication.path=/home/himurafred/application_mobile/play/app01back -Djava.endorsed.dirs=/home/himurafred/application_mobile/play/framework/endorsed -javaagent:/home/himurafred/application_mobile/play/framework/play-1.2.4.jar -Dfile.encoding=UTF-8 
java_command: play.server.Server
Launcher Type: SUN_STANDARD

Environment Variables:
PATH=/usr/lib/lightdm/lightdm:/home/himurafred/application_mobile/play;/home/himurafred/application_mobile/appengine-java-sdk-1.6.1/bin;/usr/local/sbin:/usr/local/bin:/usr/sbin:/usr/bin:/sbin:/bin:/usr/games;
USERNAME=himurafred
LD_LIBRARY_PATH=/usr/lib/jvm/java-6-openjdk/jre/lib/i386/server:/usr/lib/jvm/java-6-openjdk/jre/lib/i386:/usr/lib/jvm/java-6-openjdk/jre/../lib/i386:/usr/lib/jvm/java-6-openjdk/jre/lib/i386/client:/usr/lib/jvm/java-6-openjdk/jre/lib/i386:
SHELL=/bin/bash
DISPLAY=:0

Signal Handlers:
SIGSEGV: [libjvm.so+0x66a530], sa_mask[0]=0x7ffbfeff, sa_flags=0x10000004
SIGBUS: [libjvm.so+0x66a530], sa_mask[0]=0x7ffbfeff, sa_flags=0x10000004
SIGFPE: [libjvm.so+0x52e2c0], sa_mask[0]=0x7ffbfeff, sa_flags=0x10000004
SIGPIPE: [libjvm.so+0x52e2c0], sa_mask[0]=0x7ffbfeff, sa_flags=0x10000004
SIGXFSZ: [libjvm.so+0x52e2c0], sa_mask[0]=0x7ffbfeff, sa_flags=0x10000004
SIGILL: [libjvm.so+0x52e2c0], sa_mask[0]=0x7ffbfeff, sa_flags=0x10000004
SIGUSR1: SIG_DFL, sa_mask[0]=0x00000000, sa_flags=0x00000000
SIGUSR2: [libjvm.so+0x52e150], sa_mask[0]=0x00000004, sa_flags=0x10000004
SIGHUP: [libjvm.so+0x5311f0], sa_mask[0]=0x7ffbfeff, sa_flags=0x10000004
SIGINT: [libjvm.so+0x5311f0], sa_mask[0]=0x7ffbfeff, sa_flags=0x10000004
SIGTERM: [libjvm.so+0x5311f0], sa_mask[0]=0x7ffbfeff, sa_flags=0x10000004
SIGQUIT: [libjvm.so+0x5311f0], sa_mask[0]=0x7ffbfeff, sa_flags=0x10000004


---------------  S Y S T E M  ---------------

OS:Ubuntu 11.10 (oneiric)
uname:Linux 3.0.0-12-generic-pae #20-Ubuntu SMP Fri Oct 7 16:37:17 UTC 2011 i686
libc:glibc 2.13 NPTL 2.13 
rlimit: STACK 8192k, CORE 0k, NPROC 31019, NOFILE 4096, AS infinity
load average:0,01 0,04 0,05

/proc/meminfo:
MemTotal:        3989784 kB
MemFree:         1384464 kB
Buffers:          152384 kB
Cached:          1071088 kB
SwapCached:            0 kB
Active:          1494904 kB
Inactive:         780328 kB
Active(anon):    1052496 kB
Inactive(anon):     1136 kB
Active(file):     442408 kB
Inactive(file):   779192 kB
Unevictable:          64 kB
Mlocked:              64 kB
HighTotal:       3141000 kB
HighFree:         783388 kB
LowTotal:         848784 kB
LowFree:          601076 kB
SwapTotal:       5417980 kB
SwapFree:        5417980 kB
Dirty:               108 kB
Writeback:             0 kB
AnonPages:       1051964 kB
Mapped:           242388 kB
Shmem:              1856 kB
Slab:              52180 kB
SReclaimable:      30352 kB
SUnreclaim:        21828 kB
KernelStack:        3608 kB
PageTables:         8680 kB
NFS_Unstable:          0 kB
Bounce:                0 kB
WritebackTmp:          0 kB
CommitLimit:     7412872 kB
Committed_AS:    3138236 kB
VmallocTotal:     122880 kB
VmallocUsed:       46252 kB
VmallocChunk:      73856 kB
HardwareCorrupted:     0 kB
AnonHugePages:         0 kB
HugePages_Total:       0
HugePages_Free:        0
HugePages_Rsvd:        0
HugePages_Surp:        0
Hugepagesize:       2048 kB
DirectMap4k:       10232 kB
DirectMap2M:      903168 kB


CPU:total 4 (2 cores per cpu, 2 threads per core) family 6 model 37 stepping 5, cmov, cx8, fxsr, mmx, sse, sse2, sse3, ssse3, sse4.1, sse4.2, popcnt, ht

Memory: 4k page, physical 3989784k(1384464k free), swap 5417980k(5417980k free)

vm_info: OpenJDK Server VM (20.0-b11) for linux-x86 JRE (1.6.0_23-b23), built on Oct 22 2011 01:02:34 by "buildd" with gcc 4.6.1

time: Tue Jan 10 00:04:11 2012
elapsed time: 973 seconds

